\BOOKMARK [0][-]{chapter.1}{\376\377\000W\000s\000t\001\031\000p}{}% 1
\BOOKMARK [1][-]{section.1.1}{\376\377\000R\000y\000s\000u\000n\000k\000i}{chapter.1}% 2
\BOOKMARK [1][-]{section.1.2}{\376\377\000O\000d\000n\000i\000e\000s\000i\000e\000n\000i\000a\000\040\000d\000o\000\040\000l\000i\000t\000e\000r\000a\000t\000u\000r\000y}{chapter.1}% 3
\BOOKMARK [1][-]{section.1.3}{\376\377\000C\000y\000t\000o\000w\000a\000n\000i\000a}{chapter.1}% 4
\BOOKMARK [1][-]{section.1.4}{\376\377\000K\000o\000l\000o\000r\000y}{chapter.1}% 5
\BOOKMARK [2][-]{subsection.1.4.1}{\376\377\000P\000r\000z\000y\000k\001\102\000a\000d\000\040\000z\000d\000e\000f\000i\000n\000i\000o\000w\000a\000n\000e\000j\000\040\000p\000a\000l\000e\000t\000y\000\040\000k\000o\000l\000o\000r\000\363\000w}{section.1.4}% 6
\BOOKMARK [1][-]{section.1.5}{\376\377\000T\000a\000b\000e\000l\000e}{chapter.1}% 7
\BOOKMARK [1][-]{section.1.6}{\376\377\000W\000z\000o\000r\000y}{chapter.1}% 8
\BOOKMARK [2][-]{subsection.1.6.1}{\376\377\000A\000n\000d\000r\000\351\000-\000M\000a\000r\000i\000e\000\040\000A\000m\000p\000\350\000r\000e}{section.1.6}% 9
\BOOKMARK [2][-]{subsection.1.6.2}{\376\377\000M\000i\000c\000h\000a\000e\000l\000\040\000F\000a\000r\000a\000d\000a\000y}{section.1.6}% 10
\BOOKMARK [2][-]{subsection.1.6.3}{\376\377\000G\000e\000o\000r\000g\000\040\000S\000i\000m\000o\000n\000\040\000O\000h\000m}{section.1.6}% 11
\BOOKMARK [2][-]{subsection.1.6.4}{\376\377\000J\000a\000m\000e\000s\000\040\000C\000l\000e\000r\000k\000\040\000M\000a\000x\000w\000e\000l\000l}{section.1.6}% 12
\BOOKMARK [2][-]{subsection.1.6.5}{\376\377\000J\000e\000s\000z\000c\000z\000e\000\040\000k\000i\000l\000k\000a\000\040\000p\000r\000z\000y\000p\000a\000d\000k\000o\000w\000o\000\040\000w\000y\000b\000r\000a\000n\000y\000c\000h\000\040\000w\000z\000o\000r\000\363\000w}{section.1.6}% 13
\BOOKMARK [1][-]{section.1.7}{\376\377\000K\000o\000d\000y\000\040\001\172\000r\000\363\000d\001\102\000o\000w\000e}{chapter.1}% 14
\BOOKMARK [1][-]{section.1.8}{\376\377\000O\000s\000t\000a\000t\000n\000i\000e\000\040\000d\000r\000o\000b\000i\000a\000z\000g\000i}{chapter.1}% 15
\BOOKMARK [2][-]{subsection.1.8.1}{\376\377\000P\000o\000d\000s\000t\000a\000w\000o\000w\000e\000\040\000s\000t\000y\000l\000e\000\040\000t\000e\000k\000s\000t\000u}{section.1.8}% 16
\BOOKMARK [2][-]{subsection.1.8.2}{\376\377\000W\000i\000s\000z\001\005\000c\000e\000\040\000z\000n\000a\000k\000i}{section.1.8}% 17
\BOOKMARK [2][-]{subsection.1.8.3}{\376\377\000W\000y\000p\000u\000n\000k\000t\000o\000w\000a\000n\000i\000a}{section.1.8}% 18
\BOOKMARK [2][-]{subsection.1.8.4}{\376\377\000D\000y\000w\000i\000z\000\040\000a\000\040\000m\000y\001\133\000l\000n\000i\000k}{section.1.8}% 19
\BOOKMARK [2][-]{subsection.1.8.5}{\376\377\000A\000k\000r\000o\000n\000i\000m\000y\000\040\000i\000\040\000s\000y\000m\000b\000o\000l\000e}{section.1.8}% 20
\BOOKMARK [2][-]{subsection.1.8.6}{\376\377\000O\000z\000d\000o\000b\000n\000i\000k\000i\000\040\000g\000r\000a\000f\000i\000c\000z\000n\000e\000\040\000w\000\040\000o\000p\000i\000s\000i\000e\000\040\000o\000p\000r\000o\000g\000r\000a\000m\000o\000w\000a\000n\000i\000a}{section.1.8}% 21
\BOOKMARK [2][-]{subsection.1.8.7}{\376\377\000P\000u\000s\000t\000e\000\040\000m\000i\000e\000j\000s\000c\000a}{section.1.8}% 22
\BOOKMARK [2][-]{subsection.1.8.8}{\376\377\000K\000o\000m\000p\000i\000l\000o\000w\000a\000n\000i\000e\000\040\000l\000o\000k\000a\000l\000n\000i\000e}{section.1.8}% 23
\BOOKMARK [0][-]{chapter.2}{\376\377\000N\000i\000e\000n\000u\000d\000n\000y\000\040\000t\000y\000t\000u\001\102\000\040\000d\000l\000a\000\040\000t\000e\000o\000r\000i\000i}{}% 24
\BOOKMARK [0][-]{chapter.3}{\376\377\000N\000i\000e\000b\000a\000n\000a\000l\000n\000y\000\040\000t\000y\000t\000u\001\102\000\040\000k\000o\000l\000e\000j\000n\000e\000g\000o\000\040\000r\000o\000z\000d\000z\000i\000a\001\102\000u}{}% 25
\BOOKMARK [0][-]{chapter.4}{\376\377\000P\000o\000d\000s\000u\000m\000o\000w\000a\000n\000i\000e}{}% 26
\BOOKMARK [0][-]{section*.19}{\376\377\000B\000i\000b\000l\000i\000o\000g\000r\000a\000f\000i\000a}{}% 27
\BOOKMARK [0][-]{chapter*.20}{\376\377\000W\000y\000k\000a\000z\000\040\000s\000k\000r\000\363\000t\000\363\000w\000\040\000i\000\040\000s\000y\000m\000b\000o\000l\000i}{}% 28
\BOOKMARK [0][-]{chapter*.21}{\376\377\000S\000p\000i\000s\000\040\000r\000y\000s\000u\000n\000k\000\363\000w}{}% 29
\BOOKMARK [0][-]{chapter*.22}{\376\377\000S\000p\000i\000s\000\040\000t\000a\000b\000e\000l}{}% 30
\BOOKMARK [0][-]{chapter*.23}{\376\377\000S\000p\000i\000s\000\040\000z\000a\001\102\001\005\000c\000z\000n\000i\000k\000\363\000w}{}% 31
